йҰ№з›®вЂњAIVTuber.CoreвЂқе…·жњ‰д»Өдё‹еЊ…еә•з”Ё
   [net10.0]: 
   йҰ¶зғ§еЊ?                            е·ІиҮ·ж±?     е·Іи§Әе†?  
   > Microsoft.Data.Sqlite         9.0.6    9.0.6 
   > Microsoft.ML.OnnxRuntime      1.21.0   1.21.0
   > NAudio                        2.2.1    2.2.1 
   > WebRtcVadSharp                1.1.0    1.1.0 
   > Websocket.Client              3.0.15   3.0.15

   еЏҮдә йЂ’зљ„еЊ?                                               е·Іи§Әе†?  
   > Microsoft.Data.Sqlite.Core                         9.0.6 
   > Microsoft.ML.OnnxRuntime.Managed                   1.21.0
   > NAudio.Asio                                        2.2.1 
   > NAudio.Core                                        2.2.1 
   > NAudio.Midi                                        2.2.1 
   > NAudio.Wasapi                                      2.2.1 
   > NAudio.WinMM                                       2.2.1 
   > SQLitePCLRaw.bundle_e_sqlite3                      2.1.10
   > SQLitePCLRaw.core                                  2.1.10
   > SQLitePCLRaw.lib.e_sqlite3                         2.1.10
   > SQLitePCLRaw.provider.e_sqlite3                    2.1.10
   > System.Numerics.Tensors                            9.0.0 
   > System.Reactive                                    4.0.0 
   > System.Runtime.InteropServices.WindowsRuntime      4.3.0 

йҰ№з›®вЂњAIVTuber.TestsвЂқе…·жњ‰д»Өдё‹еЊ…еә•з”Ё
   [net10.0]: 
   йҰ¶зғ§еЊ?                             е·ІиҮ·ж±?      е·Іи§Әе†?   
   > coverlet.collector             6.0.4     6.0.4  
   > Microsoft.NET.Test.Sdk         17.14.1   17.14.1
   > xunit                          2.9.3     2.9.3  
   > xunit.runner.visualstudio      3.1.4     3.1.4  
   > Xunit.SkippableFact            1.5.61    1.5.61 

   еЏҮдә йЂ’зљ„еЊ?                                               е·Іи§Әе†?   
   > Microsoft.CodeCoverage                             17.14.1
   > Microsoft.Data.Sqlite                              9.0.6  
   > Microsoft.Data.Sqlite.Core                         9.0.6  
   > Microsoft.ML.OnnxRuntime                           1.21.0 
   > Microsoft.ML.OnnxRuntime.Managed                   1.21.0 
   > Microsoft.TestPlatform.ObjectModel                 17.14.1
   > Microsoft.TestPlatform.TestHost                    17.14.1
   > NAudio                                             2.2.1  
   > NAudio.Asio                                        2.2.1  
   > NAudio.Core                                        2.2.1  
   > NAudio.Midi                                        2.2.1  
   > NAudio.Wasapi                                      2.2.1  
   > NAudio.WinMM                                       2.2.1  
   > Newtonsoft.Json                                    13.0.3 
   > SQLitePCLRaw.bundle_e_sqlite3                      2.1.10 
   > SQLitePCLRaw.core                                  2.1.10 
   > SQLitePCLRaw.lib.e_sqlite3                         2.1.10 
   > SQLitePCLRaw.provider.e_sqlite3                    2.1.10 
   > System.Numerics.Tensors                            9.0.0  
   > System.Reactive                                    4.0.0  
   > System.Runtime.InteropServices.WindowsRuntime      4.3.0  
   > Validation                                         2.6.68 
   > WebRtcVadSharp                                     1.1.0  
   > Websocket.Client                                   3.0.15 
   > xunit.abstractions                                 2.0.3  
   > xunit.analyzers                                    1.18.0 
   > xunit.assert                                       2.9.3  
   > xunit.core                                         2.9.3  
   > xunit.extensibility.core                           2.9.3  
   > xunit.extensibility.execution                      2.9.3  

йҰ№з›®вЂњAppвЂқе…·жњ‰д»Өдё‹еЊ…еә•з”Ё
   [net10.0-windows]: 
   йҰ¶зғ§еЊ?                                 е·ІиҮ·ж±?         е·Іи§Әе†?  
   > Microsoft.NET.ILLink.Tasks   (A)   [10.0.9, )   10.0.9
   > WPF-UI                             3.1.1        3.1.1 

   еЏҮдә йЂ’зљ„еЊ?                                               е·Іи§Әе†?  
   > Microsoft.Data.Sqlite                              9.0.6 
   > Microsoft.Data.Sqlite.Core                         9.0.6 
   > Microsoft.ML.OnnxRuntime                           1.21.0
   > Microsoft.ML.OnnxRuntime.Managed                   1.21.0
   > NAudio                                             2.2.1 
   > NAudio.Asio                                        2.2.1 
   > NAudio.Core                                        2.2.1 
   > NAudio.Midi                                        2.2.1 
   > NAudio.Wasapi                                      2.2.1 
   > NAudio.WinForms                                    2.2.1 
   > NAudio.WinMM                                       2.2.1 
   > SQLitePCLRaw.bundle_e_sqlite3                      2.1.10
   > SQLitePCLRaw.core                                  2.1.10
   > SQLitePCLRaw.lib.e_sqlite3                         2.1.10
   > SQLitePCLRaw.provider.e_sqlite3                    2.1.10
   > System.Numerics.Tensors                            9.0.0 
   > System.Reactive                                    4.0.0 
   > System.Runtime.InteropServices.WindowsRuntime      4.3.0 
   > WebRtcVadSharp                                     1.1.0 
   > Websocket.Client                                   3.0.15

(A): и‡ҒеЉЁеә•з”Ёзљ„еЊ…гЂ?

